
ASEM-51 V1.3                                         Copyright (c) 2002 by W.W. Heinz                                         PAGE 1





       MCS-51 Family Macro Assembler   A S E M - 5 1   V 1.3
       =====================================================



	Source File:	E:\523371_MICROPROCESSORS\MCS-51\LAB2\2.2.ASM
	Object File:	E:\523371_MICROPROCESSORS\MCS-51\LAB2\2.2.hex
	List File:	E:\523371_MICROPROCESSORS\MCS-51\LAB2\2.2.lst



 Line  I  Addr  Code            Source

    1:		N      8000			ORG 	8000H
    2:		N      E060	C7SEG		EQU	0E060H
    3:
    4:	  8000	78 00		START:		MOV	R0,#0
    5:	  8002	E8		MAIN:		MOV	A,R0
    6:	  8003	08				INC	R0
    7:	  8004	11 11				ACALL	TAB01
    8:	  8006	90 E0 60			MOV	DPTR,#C7SEG
    9:	  8009	F0				MOVX	@DPTR,A
   10:	  800A	11 16				ACALL 	DELAY_430M
   11:	  800C	B8 10 F3			CJNE	R0,#10H,MAIN
   12:	  800F	80 EF				SJMP	START
   13:
   14:	  8011	90 80 46	TAB01:		MOV	DPTR,#DATA1
   15:	  8014	93				MOVC	A,@A+DPTR
   16:	  8015	22				RET
   17:
   18:	  8016	12 80 2C	DELAY_430M: 	CALL	DELAY100MS
   19:	  8019	12 80 2C			CALL	DELAY100MS
   20:	  801C	12 80 2C			CALL	DELAY100MS
   21:	  801F	12 80 2C			CALL	DELAY100MS
   22:	  8022	12 80 34			CALL	DELAY10MS
   23:	  8025	12 80 34			CALL	DELAY10MS
   24:	  8028	12 80 34			CALL	DELAY10MS
   25:	  802B	22				RET
   26:
   27:	  802C	7E C8		DELAY100MS:	MOV	R6,#200
   28:	  802E	12 80 3C	DLY100MS:	CALL	DELAY500U
   29:	  8031	DE FB				DJNZ	R6,DLY100MS
   30:	  8033	22				RET
   31:
   32:	  8034	7F 14		DELAY10MS:	MOV	R7,#20
   33:	  8036	12 80 41	DLY10MS:	CALL	DELAY50U
   34:	  8039	DF FB				DJNZ	R7,DLY10MS
   35:	  803B	22				RET
   36:
   37:	  803C	7D E6		DELAY500U:	MOV	R5,#230
   38:	  803E	DD FE				DJNZ	R5,$
   39:	  8040	22				RET
   40:
   41:	  8041	7C 17		DELAY50U:	MOV	R4,#23
   42:	  8043	DC FE				DJNZ	R4,$
   43:	  8045	22				RET

ASEM-51 V1.3                                         Copyright (c) 2002 by W.W. Heinz                                         PAGE 2



 Line  I  Addr  Code            Source

   44:
   45:
   46:	  8046	3F 06 5B 4F	DATA1:	DB	3FH,06H,5BH,4FH
   47:	  804A	66 6D 7D 07		DB	66H,6DH,7DH,07H
   48:	  804E	7F 6F 77 7C		DB	7FH,6FH,77H,7CH
   49:	  8052	39 5E 79 71		DB	39H,5EH,79H,71H
   50:
   51:
   52:
   53:					END
   54:





                     register banks used:  ---

                     no errors




ASEM-51 V1.3                                         Copyright (c) 2002 by W.W. Heinz                                         PAGE 3





	       L I S T   O F   S Y M B O L S
	       =============================


SYMBOL				  TYPE     VALUE	LINE
------------------------------------------------------------
??ASEM_51			  NUMBER    8051
??VERSION			  NUMBER    0130
AC				  BIT	      D6
ACC				  DATA	      E0
B				  DATA	      F0
C7SEG				  NUMBER    E060	   2
CY				  BIT	      D7
DATA1				  CODE	    8046	  46
DELAY100MS			  CODE	    802C	  27
DELAY10MS			  CODE	    8034	  32
DELAY500U			  CODE	    803C	  37
DELAY50U			  CODE	    8041	  41
DELAY_430M			  CODE	    8016	  18
DLY100MS			  CODE	    802E	  28
DLY10MS				  CODE	    8036	  33
DPH				  DATA	      83
DPL				  DATA	      82
EA				  BIT	      AF
ES				  BIT	      AC
ET0				  BIT	      A9
ET1				  BIT	      AB
EX0				  BIT	      A8
EX1				  BIT	      AA
EXTI0				  CODE	    0003
EXTI1				  CODE	    0013
F0				  BIT	      D5
IE				  DATA	      A8
IE0				  BIT	      89
IE1				  BIT	      8B
INT0				  BIT	      B2
INT1				  BIT	      B3
IP				  DATA	      B8
IT0				  BIT	      88
IT1				  BIT	      8A
MAIN				  CODE	    8002	   5
OV				  BIT	      D2
P				  BIT	      D0
P0				  DATA	      80
P1				  DATA	      90
P2				  DATA	      A0
P3				  DATA	      B0
PCON				  DATA	      87
PS				  BIT	      BC
PSW				  DATA	      D0
PT0				  BIT	      B9
PT1				  BIT	      BB
PX0				  BIT	      B8
PX1				  BIT	      BA
RB8				  BIT	      9A
RD				  BIT	      B7

ASEM-51 V1.3                                         Copyright (c) 2002 by W.W. Heinz                                         PAGE 4



SYMBOL				  TYPE     VALUE	LINE
------------------------------------------------------------
REN				  BIT	      9C
RESET				  CODE	    0000
RI				  BIT	      98
RS0				  BIT	      D3
RS1				  BIT	      D4
RXD				  BIT	      B0
SBUF				  DATA	      99
SCON				  DATA	      98
SINT				  CODE	    0023
SM0				  BIT	      9F
SM1				  BIT	      9E
SM2				  BIT	      9D
SP				  DATA	      81
START				  CODE	    8000	   4
T0				  BIT	      B4
T1				  BIT	      B5
TAB01				  CODE	    8011	  14
TB8				  BIT	      9B
TCON				  DATA	      88
TF0				  BIT	      8D
TF1				  BIT	      8F
TH0				  DATA	      8C
TH1				  DATA	      8D
TI				  BIT	      99
TIMER0				  CODE	    000B
TIMER1				  CODE	    001B
TL0				  DATA	      8A
TL1				  DATA	      8B
TMOD				  DATA	      89
TR0				  BIT	      8C
TR1				  BIT	      8E
TXD				  BIT	      B1
WR				  BIT	      B6
