
ASEM-51 V1.3                                         Copyright (c) 2002 by W.W. Heinz                                         PAGE 1





       MCS-51 Family Macro Assembler   A S E M - 5 1   V 1.3
       =====================================================



	Source File:	C:\Users\Johncpe\Documents\2.6.4.ASM
	Object File:	C:\Users\Johncpe\Documents\2.6.4.hex
	List File:	C:\Users\Johncpe\Documents\2.6.4.lst



 Line  I  Addr  Code            Source

    1:		N      0000		ORG	0000H
    2:	  0000	75 F0 02		MOV	B,#02H
    3:	  0003	78 40			MOV	R0,#40H
    4:	  0005	90 90 00		MOV	DPTR,#9000H
    5:	  0008	E6		EQUAL:	MOV	A,@R0
    6:	  0009	08			INC	R0
    7:	  000A	B5 F0 09		CJNE	A,B,ZERO
    8:
    9:	  000D	E0			MOVX	A,@DPTR
   10:	  000E	24 01			ADD	A,#01H
   11:	  0010	F0			MOVX	@DPTR,A
   12:	  0011	B8 80 F4		CJNE	R0,#80H,EQUAL
   13:	  0014	80 FE			JMP	$
   14:
   15:	  0016	E0		ZERO:	MOVX	A,@DPTR
   16:	  0017	24 00			ADD	A,#0H
   17:	  0019	F0			MOVX	@DPTR,A
   18:	  001A	B8 80 EB		CJNE	R0,#80H,EQUAL
   19:	  001D	80 FE			JMP	$
   20:
   21:					END
   22:
   23:					;INC	R0
   24:					;CJNE	R0,#80H,LOOP
   25:					;JMP	$
   26:
   27:





                     register banks used:  ---

                     no errors




ASEM-51 V1.3                                         Copyright (c) 2002 by W.W. Heinz                                         PAGE 2





	       L I S T   O F   S Y M B O L S
	       =============================


SYMBOL				  TYPE     VALUE	LINE
------------------------------------------------------------
??ASEM_51			  NUMBER    8051
??VERSION			  NUMBER    0130
AC				  BIT	      D6
ACC				  DATA	      E0
B				  DATA	      F0
CY				  BIT	      D7
DPH				  DATA	      83
DPL				  DATA	      82
EA				  BIT	      AF
EQUAL				  CODE	    0008	   5
ES				  BIT	      AC
ET0				  BIT	      A9
ET1				  BIT	      AB
EX0				  BIT	      A8
EX1				  BIT	      AA
EXTI0				  CODE	    0003
EXTI1				  CODE	    0013
F0				  BIT	      D5
IE				  DATA	      A8
IE0				  BIT	      89
IE1				  BIT	      8B
INT0				  BIT	      B2
INT1				  BIT	      B3
IP				  DATA	      B8
IT0				  BIT	      88
IT1				  BIT	      8A
OV				  BIT	      D2
P				  BIT	      D0
P0				  DATA	      80
P1				  DATA	      90
P2				  DATA	      A0
P3				  DATA	      B0
PCON				  DATA	      87
PS				  BIT	      BC
PSW				  DATA	      D0
PT0				  BIT	      B9
PT1				  BIT	      BB
PX0				  BIT	      B8
PX1				  BIT	      BA
RB8				  BIT	      9A
RD				  BIT	      B7
REN				  BIT	      9C
RESET				  CODE	    0000
RI				  BIT	      98
RS0				  BIT	      D3
RS1				  BIT	      D4
RXD				  BIT	      B0
SBUF				  DATA	      99
SCON				  DATA	      98
SINT				  CODE	    0023

ASEM-51 V1.3                                         Copyright (c) 2002 by W.W. Heinz                                         PAGE 3



SYMBOL				  TYPE     VALUE	LINE
------------------------------------------------------------
SM0				  BIT	      9F
SM1				  BIT	      9E
SM2				  BIT	      9D
SP				  DATA	      81
T0				  BIT	      B4
T1				  BIT	      B5
TB8				  BIT	      9B
TCON				  DATA	      88
TF0				  BIT	      8D
TF1				  BIT	      8F
TH0				  DATA	      8C
TH1				  DATA	      8D
TI				  BIT	      99
TIMER0				  CODE	    000B
TIMER1				  CODE	    001B
TL0				  DATA	      8A
TL1				  DATA	      8B
TMOD				  DATA	      89
TR0				  BIT	      8C
TR1				  BIT	      8E
TXD				  BIT	      B1
WR				  BIT	      B6
ZERO				  CODE	    0016	  15
