
ASEM-51 V1.3                                         Copyright (c) 2002 by W.W. Heinz                                         PAGE 1





       MCS-51 Family Macro Assembler   A S E M - 5 1   V 1.3
       =====================================================



	Source File:	C:\Users\Johncpe\Desktop\COUNT_BIT.ASM
	Object File:	C:\Users\Johncpe\Desktop\COUNT_BIT.hex
	List File:	C:\Users\Johncpe\Desktop\COUNT_BIT.lst



 Line  I  Addr  Code            Source

    1:		N      0000		ORG	0000H
    2:	  0000	74 00			MOV	A,#00H
    3:	  0002	90 00 17		MOV	DPTR,#17H
    4:	  0005	85 82 F0		MOV	B,DPL
    5:	  0008	12 00 1D		CALL	COUNT
    6:	  000B	85 83 F0		MOV	B,DPH
    7:	  000E	12 00 1D		CALL	COUNT
    8:	  0011	75 F0 0A		MOV	B,#0AH ; CONVERT COUNT  HEXTODEC
    9:	  0014	84			DIV	AB
   10:	  0015	A8 F0			MOV	R0,B
   11:	  0017	C4			SWAP	A
   12:	  0018	28			ADD	A,R0
   13:	  0019	F5 F0			MOV	B,A
   14:	  001B	80 FE			JMP	$
   15:
   16:	  001D	C5 F0		COUNT:	XCH	A,B
   17:	  001F	F4			CPL	A
   18:	  0020	C5 F0			XCH	A,B
   19:
   20:	  0022	A2 F0			MOV	C,B.0
   21:	  0024	34 00			ADDC	A,#00H
   22:	  0026	A2 F1			MOV	C,B.1
   23:	  0028	34 00			ADDC	A,#00H
   24:	  002A	A2 F2			MOV	C,B.2
   25:	  002C	34 00			ADDC	A,#00H
   26:	  002E	A2 F3			MOV	C,B.3
   27:	  0030	34 00			ADDC	A,#00H
   28:	  0032	A2 F4			MOV	C,B.4
   29:	  0034	34 00			ADDC	A,#00H
   30:	  0036	A2 F5			MOV	C,B.5
   31:	  0038	34 00			ADDC	A,#00H
   32:	  003A	A2 F6			MOV	C,B.6
   33:	  003C	34 00			ADDC	A,#00H
   34:	  003E	A2 F7			MOV	C,B.7
   35:	  0040	34 00			ADDC	A,#00H
   36:
   37:	  0042	22			RET
   38:					END
   39:





ASEM-51 V1.3                                         Copyright (c) 2002 by W.W. Heinz                                         PAGE 2




                     register banks used:  ---

                     no errors




ASEM-51 V1.3                                         Copyright (c) 2002 by W.W. Heinz                                         PAGE 3





	       L I S T   O F   S Y M B O L S
	       =============================


SYMBOL				  TYPE     VALUE	LINE
------------------------------------------------------------
??ASEM_51			  NUMBER    8051
??VERSION			  NUMBER    0130
AC				  BIT	      D6
ACC				  DATA	      E0
B				  DATA	      F0
COUNT				  CODE	    001D	  16
CY				  BIT	      D7
DPH				  DATA	      83
DPL				  DATA	      82
EA				  BIT	      AF
ES				  BIT	      AC
ET0				  BIT	      A9
ET1				  BIT	      AB
EX0				  BIT	      A8
EX1				  BIT	      AA
EXTI0				  CODE	    0003
EXTI1				  CODE	    0013
F0				  BIT	      D5
IE				  DATA	      A8
IE0				  BIT	      89
IE1				  BIT	      8B
INT0				  BIT	      B2
INT1				  BIT	      B3
IP				  DATA	      B8
IT0				  BIT	      88
IT1				  BIT	      8A
OV				  BIT	      D2
P				  BIT	      D0
P0				  DATA	      80
P1				  DATA	      90
P2				  DATA	      A0
P3				  DATA	      B0
PCON				  DATA	      87
PS				  BIT	      BC
PSW				  DATA	      D0
PT0				  BIT	      B9
PT1				  BIT	      BB
PX0				  BIT	      B8
PX1				  BIT	      BA
RB8				  BIT	      9A
RD				  BIT	      B7
REN				  BIT	      9C
RESET				  CODE	    0000
RI				  BIT	      98
RS0				  BIT	      D3
RS1				  BIT	      D4
RXD				  BIT	      B0
SBUF				  DATA	      99
SCON				  DATA	      98
SINT				  CODE	    0023

ASEM-51 V1.3                                         Copyright (c) 2002 by W.W. Heinz                                         PAGE 4



SYMBOL				  TYPE     VALUE	LINE
------------------------------------------------------------
SM0				  BIT	      9F
SM1				  BIT	      9E
SM2				  BIT	      9D
SP				  DATA	      81
T0				  BIT	      B4
T1				  BIT	      B5
TB8				  BIT	      9B
TCON				  DATA	      88
TF0				  BIT	      8D
TF1				  BIT	      8F
TH0				  DATA	      8C
TH1				  DATA	      8D
TI				  BIT	      99
TIMER0				  CODE	    000B
TIMER1				  CODE	    001B
TL0				  DATA	      8A
TL1				  DATA	      8B
TMOD				  DATA	      89
TR0				  BIT	      8C
TR1				  BIT	      8E
TXD				  BIT	      B1
WR				  BIT	      B6
